<?xml version="1.0" encoding="UTF-8"?>
<testsuite name="com.example.project.TestTriangle" tests="1" skipped="0" failures="0" errors="0" timestamp="2020-10-19T13:26:11" hostname="DESKTOP-Q22B5P4" time="0.038">
  <properties/>
  <testcase name="testAngle2()" classname="com.example.project.TestTriangle" time="0.038"/>
  <system-out><![CDATA[testing angle of triangle - passed
]]></system-out>
  <system-err><![CDATA[]]></system-err>
</testsuite>
